<?xml version="1.0" encoding="UTF-8"?>
<!-- Generated by org.testng.reporters.JUnitReportReporter -->
<testsuite skipped="0" hostname="DESKTOP-C37E15E" name="piku.B" tests="5" failures="0" timestamp="2020-07-22T10:12:52 IST" time="0.030" errors="0">
  <testcase name="aa" time="0.000" classname="piku.B"/>
  <system-out/>
  <testcase name="hjk" time="0.000" classname="piku.B"/>
  <system-out/>
  <testcase name="aaa" time="0.015" classname="piku.B"/>
  <system-out/>
  <testcase name="hjk" time="0.000" classname="piku.B"/>
  <system-out/>
  <testcase name="hjk" time="0.015" classname="piku.B"/>
  <system-out/>
</testsuite> <!-- piku.B -->
