<?xml version="1.0" encoding="UTF-8"?>
<!-- Generated by org.testng.reporters.JUnitReportReporter -->
<testsuite skipped="0" hostname="DESKTOP-C37E15E" name="test.Daya" tests="1" failures="0" timestamp="2020-07-21T22:50:55 IST" time="0.015" errors="0">
  <testcase name="prerhjk" time="0.015" classname="test.Daya"/>
  <system-out/>
</testsuite> <!-- test.Daya -->
