<?xml version="1.0" encoding="UTF-8"?>
<!-- Generated by org.testng.reporters.JUnitReportReporter -->
<testsuite skipped="0" hostname="DESKTOP-C37E15E" name="piku.A" tests="2" failures="0" timestamp="2020-07-22T10:12:52 IST" time="0.104" errors="0">
  <testcase name="tcs" time="0.016" classname="piku.A"/>
  <system-out/>
  <testcase name="tca" time="0.088" classname="piku.A"/>
  <system-out/>
</testsuite> <!-- piku.A -->
