<?xml version="1.0" encoding="UTF-8"?>
<!-- Generated by org.testng.reporters.JUnitReportReporter -->
<testsuite skipped="2" hostname="DESKTOP-C37E15E" name="test.Day" tests="3" failures="0" timestamp="2020-07-21T22:50:55 IST" time="0.132" errors="0">
  <testcase name="go" time="0.132" classname="test.Day"/>
  <system-out/>
  <testcase name="dfg" classname="test.Day">
    <skipped/>
  </testcase> <!-- dfg -->
  <system-out/>
  <testcase name="demo" classname="test.Day">
    <skipped/>
  </testcase> <!-- demo -->
  <system-out/>
</testsuite> <!-- test.Day -->
