<?xml version="1.0" encoding="UTF-8"?>
<!-- Generated by org.testng.reporters.JUnitReportReporter -->
<testsuite skipped="0" hostname="DESKTOP-C37E15E" name="piku.C" tests="1" failures="0" timestamp="2020-07-22T10:12:52 IST" time="0.016" errors="0">
  <testcase name="samsung" time="0.016" classname="piku.C"/>
  <system-out/>
</testsuite> <!-- piku.C -->
