<?xml version="1.0" encoding="UTF-8"?>
<!-- Generated by org.testng.reporters.JUnitReportReporter -->
<testsuite skipped="0" hostname="DESKTOP-C37E15E" name="test.Day1" tests="3" failures="0" timestamp="2020-07-21T22:50:55 IST" time="0.109" errors="0">
  <testcase name="ere" time="0.016" classname="test.Day1"/>
  <system-out/>
  <testcase name="ere" time="0.031" classname="test.Day1"/>
  <system-out/>
  <testcase name="ere" time="0.062" classname="test.Day1"/>
  <system-out/>
</testsuite> <!-- test.Day1 -->
